[debug] [2018-10-19T10:20:24.952Z] ----------------------------------------------------------------------
[debug] [2018-10-19T10:20:24.957Z] Command:       /usr/bin/node /usr/bin/firebase deploy --only functions
[debug] [2018-10-19T10:20:24.957Z] CLI Version:   5.1.1
[debug] [2018-10-19T10:20:24.957Z] Platform:      linux
[debug] [2018-10-19T10:20:24.957Z] Node Version:  v9.11.2
[debug] [2018-10-19T10:20:24.957Z] Time:          Fri Oct 19 2018 13:20:24 GMT+0300 (EAT)
[debug] [2018-10-19T10:20:24.957Z] ----------------------------------------------------------------------
[debug] 
[debug] [2018-10-19T10:20:25.012Z] > command requires scopes: ["email","openid","https://www.googleapis.com/auth/cloudplatformprojects.readonly","https://www.googleapis.com/auth/firebase","https://www.googleapis.com/auth/cloud-platform"]
[debug] [2018-10-19T10:20:25.012Z] > authorizing via signed-in user
[debug] [2018-10-19T10:20:25.013Z] [iam] checking project hello-49a33 for permissions ["cloudfunctions.functions.create","cloudfunctions.functions.delete","cloudfunctions.functions.get","cloudfunctions.functions.list","cloudfunctions.functions.update","cloudfunctions.operations.get","firebase.projects.get"]
[debug] [2018-10-19T10:20:25.015Z] > refreshing access token with scopes: ["email","https://www.googleapis.com/auth/cloud-platform","https://www.googleapis.com/auth/cloudplatformprojects.readonly","https://www.googleapis.com/auth/firebase","openid"]
[debug] [2018-10-19T10:20:25.016Z] >>> HTTP REQUEST POST https://www.googleapis.com/oauth2/v3/token  
 <request body omitted>
[debug] [2018-10-19T10:20:41.361Z] <<< HTTP RESPONSE 200
[debug] [2018-10-19T10:20:41.469Z] >>> HTTP REQUEST POST https://cloudresourcemanager.googleapis.com/v1/projects/hello-49a33:testIamPermissions  

[debug] [2018-10-20T05:42:35.032Z] ----------------------------------------------------------------------
[debug] [2018-10-20T05:42:35.035Z] Command:       /usr/bin/node /usr/bin/firebase deploy --only functions
[debug] [2018-10-20T05:42:35.035Z] CLI Version:   5.1.1
[debug] [2018-10-20T05:42:35.036Z] Platform:      linux
[debug] [2018-10-20T05:42:35.036Z] Node Version:  v9.11.2
[debug] [2018-10-20T05:42:35.036Z] Time:          Sat Oct 20 2018 08:42:35 GMT+0300 (EAT)
[debug] [2018-10-20T05:42:35.036Z] ----------------------------------------------------------------------
[debug] 
[debug] [2018-10-20T05:42:35.104Z] > command requires scopes: ["email","openid","https://www.googleapis.com/auth/cloudplatformprojects.readonly","https://www.googleapis.com/auth/firebase","https://www.googleapis.com/auth/cloud-platform"]
[debug] [2018-10-20T05:42:35.105Z] > authorizing via signed-in user
[debug] [2018-10-20T05:42:35.105Z] [iam] checking project hello-49a33 for permissions ["cloudfunctions.functions.create","cloudfunctions.functions.delete","cloudfunctions.functions.get","cloudfunctions.functions.list","cloudfunctions.functions.update","cloudfunctions.operations.get","firebase.projects.get"]
[debug] [2018-10-20T05:42:35.108Z] > refreshing access token with scopes: ["email","https://www.googleapis.com/auth/cloud-platform","https://www.googleapis.com/auth/cloudplatformprojects.readonly","https://www.googleapis.com/auth/firebase","openid"]
[debug] [2018-10-20T05:42:35.109Z] >>> HTTP REQUEST POST https://www.googleapis.com/oauth2/v3/token  
 <request body omitted>
[debug] [2018-10-20T05:42:40.766Z] <<< HTTP RESPONSE 200
[debug] [2018-10-20T05:42:40.880Z] >>> HTTP REQUEST POST https://cloudresourcemanager.googleapis.com/v1/projects/hello-49a33:testIamPermissions  

[debug] [2018-10-20T05:42:46.738Z] <<< HTTP RESPONSE 200
[info] 
[info] === Deploying to 'hello-49a33'...
[info] 
[info] i  deploying functions
[info] Running command: npm --prefix "$RESOURCE_DIR" run lint
[info] ✔  functions: Finished running predeploy script.
[debug] [2018-10-20T05:42:58.606Z] > [functions] package.json contents: {
  "name": "functions",
  "description": "Cloud Functions for Firebase",
  "scripts": {
    "lint": "eslint .",
    "serve": "firebase serve --only functions",
    "shell": "firebase functions:shell",
    "start": "npm run shell",
    "deploy": "firebase deploy --only functions",
    "logs": "firebase functions:log"
  },
  "dependencies": {
    "@google-cloud/storage": "^2.1.0",
    "child-process-promise": "^2.2.1",
    "firebase-admin": "~6.0.0",
    "firebase-functions": "^2.0.3"
  },
  "devDependencies": {
    "eslint": "^4.12.0",
    "eslint-plugin-promise": "^3.6.0"
  },
  "private": true
}
[info] i  functions: ensuring necessary APIs are enabled...
[debug] [2018-10-20T05:42:58.608Z] >>> HTTP REQUEST GET https://servicemanagement.googleapis.com/v1/services/cloudfunctions.googleapis.com/projectSettings/hello-49a33?view=CONSUMER_VIEW  
 
[debug] [2018-10-20T05:42:58.609Z] >>> HTTP REQUEST GET https://servicemanagement.googleapis.com/v1/services/runtimeconfig.googleapis.com/projectSettings/hello-49a33?view=CONSUMER_VIEW  
 
[debug] [2018-10-20T05:43:04.763Z] <<< HTTP RESPONSE 200
[info] ✔  functions: all necessary APIs are enabled
[debug] [2018-10-20T05:43:09.746Z] <<< HTTP RESPONSE 200
[debug] [2018-10-20T05:43:09.746Z] >>> HTTP REQUEST GET https://cloudresourcemanager.googleapis.com/v1/projects/hello-49a33  
 
[debug] [2018-10-20T05:43:17.746Z] <<< HTTP RESPONSE 200
[debug] [2018-10-20T05:43:17.746Z] >>> HTTP REQUEST GET https://mobilesdk-pa.googleapis.com/v1/projects/641181478484:getServerAppConfig  
 
[debug] [2018-10-20T05:43:30.740Z] <<< HTTP RESPONSE 200
[info] i  functions: preparing functions directory for uploading...
[debug] [2018-10-20T05:43:30.745Z] >>> HTTP REQUEST GET https://runtimeconfig.googleapis.com/v1beta1/projects/hello-49a33/configs  
 
[debug] [2018-10-20T05:43:34.738Z] <<< HTTP RESPONSE 200
[info] i  functions: packaged functions (54.73 KB) for uploading
[debug] [2018-10-20T05:43:37.338Z] >>> HTTP REQUEST POST https://cloudfunctions.googleapis.com/v1/projects/hello-49a33/locations/us-central1/functions:generateUploadUrl  
 
[info] 

There was an issue deploying your functions. Verify that your project has a Google App Engine instance setup at https://console.cloud.google.com/appengine and try again. If this issue persists, please contact support.
[warn] ⚠  functions: Upload Error: Server Error. getaddrinfo EAI_AGAIN cloudfunctions.googleapis.com:443
[debug] [2018-10-20T05:43:57.370Z] Error: getaddrinfo EAI_AGAIN cloudfunctions.googleapis.com:443
    at GetAddrInfoReqWrap.onlookup [as oncomplete] (dns.js:67:26)
[error] 
[error] Error: Server Error. getaddrinfo EAI_AGAIN cloudfunctions.googleapis.com:443
